<?xml version="1.0" encoding="UTF-8"?>
<!-- Generated by org.testng.reporters.JUnitXMLReporter -->
<testsuite ignored="2" hostname="LAPTOP-VLQIA0J0" failures="0" tests="1" name="EdgeTest" time="12.152" errors="0" timestamp="2025-04-30T20:33:27 IST">
  <testcase classname="testCases.TC001_AccountRegistrationTest" name="verifyUserCanRegisterSuccessfully" time="4.06"/>
  <testcase classname="testBase.BaseTest" name="@AfterTest tearDown" time="0.0">
    <ignored/>
  </testcase> <!-- @AfterTest tearDown -->
  <testcase classname="testBase.BaseTest" name="@BeforeTest setUp" time="0.0">
    <ignored/>
  </testcase> <!-- @BeforeTest setUp -->
</testsuite> <!-- EdgeTest -->
