<?xml version="1.0" encoding="UTF-8"?>
<!-- Generated by org.testng.reporters.JUnitXMLReporter -->
<testsuite ignored="2" hostname="LAPTOP-VLQIA0J0" failures="0" tests="1" name="FireFoxTest" time="28.491" errors="0" timestamp="2025-05-01T11:11:24 IST">
  <testcase classname="testCases.TC001_AccountRegistrationTest" name="verifyUserCanRegisterSuccessfully" time="3.308"/>
  <testcase classname="testBase.BaseTest" name="@BeforeTest setUp" time="0.0">
    <ignored/>
  </testcase> <!-- @BeforeTest setUp -->
  <testcase classname="testBase.BaseTest" name="@AfterTest tearDown" time="0.0">
    <ignored/>
  </testcase> <!-- @AfterTest tearDown -->
</testsuite> <!-- FireFoxTest -->
