<?xml version="1.0" encoding="UTF-8"?>
<!-- Generated by org.testng.reporters.JUnitXMLReporter -->
<testsuite ignored="0" hostname="LAPTOP-VLQIA0J0" failures="1" tests="1" name="LoginTest" time="7.09" errors="0" timestamp="2025-05-01T17:51:13 IST">
  <testcase classname="testCases.TC002_AccountLoginTest" name="verifyUserCanLoginSuccessfully" time="0.0">
    <failure type="java.lang.RuntimeException" message="java.lang.NullPointerException: Cannot invoke &amp;quot;org.apache.poi.xssf.usermodel.XSSFSheet.getRow(int)&amp;quot; because &amp;quot;this.sheet&amp;quot; is null">
      <![CDATA[java.lang.RuntimeException: java.lang.NullPointerException: Cannot invoke "org.apache.poi.xssf.usermodel.XSSFSheet.getRow(int)" because "this.sheet" is null
at java.base/java.util.ArrayList.forEach(ArrayList.java:1597)
Caused by: java.lang.NullPointerException: Cannot invoke "org.apache.poi.xssf.usermodel.XSSFSheet.getRow(int)" because "this.sheet" is null
at utilities.Excelutility.getCellData(Excelutility.java:57)
at utilities.DataProviders.getLoginData(DataProviders.java:23)
... 25 more
... Removed 30 stack frames]]>
    </failure>
  </testcase> <!-- verifyUserCanLoginSuccessfully -->
</testsuite> <!-- LoginTest -->
