<?xml version="1.0" encoding="UTF-8"?>
<!-- Generated by org.testng.reporters.JUnitXMLReporter -->
<testsuite ignored="0" hostname="LAPTOP-VLQIA0J0" failures="1" tests="6" name="RegistrationTest" time="448.705" errors="0" timestamp="2025-05-23T11:28:26 IST">
  <testcase classname="testCases.TC002_AccountLoginTest" name="verifyUserCanLoginSuccessfully" time="13.844">
    <failure type="java.lang.AssertionError" message="Expected successful login, but login failed. expected [true] but found [false]">
      <![CDATA[java.lang.AssertionError: Expected successful login, but login failed. expected [true] but found [false]
at testCases.TC002_AccountLoginTest.verifyUserCanLoginSuccessfully(TC002_AccountLoginTest.java:49)
at java.base/java.util.ArrayList.forEach(ArrayList.java:1597)
... Removed 28 stack frames]]>
    </failure>
  </testcase> <!-- verifyUserCanLoginSuccessfully -->
  <testcase classname="testCases.TC002_AccountLoginTest" name="verifyUserCanLoginSuccessfully" time="12.707"/>
  <testcase classname="testCases.TC002_AccountLoginTest" name="verifyUserCanLoginSuccessfully" time="12.189"/>
  <testcase classname="testCases.TC002_AccountLoginTest" name="verifyUserCanLoginSuccessfully" time="12.313"/>
  <testcase classname="testCases.TC002_AccountLoginTest" name="verifyUserCanLoginSuccessfully" time="12.255"/>
  <testcase classname="testCases.TC002_AccountLoginTest" name="verifyUserCanLoginSuccessfully" time="4.553"/>
</testsuite> <!-- RegistrationTest -->
