<?xml version="1.0" encoding="UTF-8"?>
<!-- Generated by org.testng.reporters.JUnitXMLReporter -->
<testsuite ignored="0" hostname="LAPTOP-VLQIA0J0" failures="1" tests="6" name="RegistrationTest" time="66.925" errors="0" timestamp="2025-05-01T21:02:08 IST">
  <testcase classname="testCases.TC002_AccountLoginTest" name="verifyUserCanLoginSuccessfully" time="12.115">
    <failure type="java.lang.AssertionError" message="Expected successful login, but login failed. expected [true] but found [false]">
      <![CDATA[java.lang.AssertionError: Expected successful login, but login failed. expected [true] but found [false]
at testCases.TC002_AccountLoginTest.verifyUserCanLoginSuccessfully(TC002_AccountLoginTest.java:49)
at java.base/java.util.ArrayList.forEach(ArrayList.java:1597)
... Removed 28 stack frames]]>
    </failure>
  </testcase> <!-- verifyUserCanLoginSuccessfully -->
  <testcase classname="testCases.TC002_AccountLoginTest" name="verifyUserCanLoginSuccessfully" time="11.428"/>
  <testcase classname="testCases.TC002_AccountLoginTest" name="verifyUserCanLoginSuccessfully" time="11.211"/>
  <testcase classname="testCases.TC002_AccountLoginTest" name="verifyUserCanLoginSuccessfully" time="11.44"/>
  <testcase classname="testCases.TC002_AccountLoginTest" name="verifyUserCanLoginSuccessfully" time="11.715"/>
  <testcase classname="testCases.TC002_AccountLoginTest" name="verifyUserCanLoginSuccessfully" time="2.363"/>
</testsuite> <!-- RegistrationTest -->
