<?xml version="1.0" encoding="UTF-8"?>
<!-- Generated by org.testng.reporters.JUnitXMLReporter -->
<testsuite ignored="2" hostname="LAPTOP-VLQIA0J0" failures="1" tests="2" name="Test" time="14.232" errors="0" timestamp="2025-05-01T11:02:15 IST">
  <testcase classname="testCases.TC001_AccountRegistrationTest" name="verifyUserCanRegisterSuccessfully" time="5.342"/>
  <testcase classname="testCases.TC002_AccountLoginTest" name="verifyUserCanLoginSuccessfully" time="0.104">
    <failure type="java.lang.NullPointerException" message="Cannot invoke &amp;quot;org.apache.logging.log4j.Logger.info(String)&amp;quot; because &amp;quot;this.logger&amp;quot; is null">
      <![CDATA[java.lang.NullPointerException: Cannot invoke "org.apache.logging.log4j.Logger.info(String)" because "this.logger" is null
at testCases.TC002_AccountLoginTest.verifyUserCanLoginSuccessfully(TC002_AccountLoginTest.java:14)
at java.base/java.util.ArrayList.forEach(ArrayList.java:1597)
... Removed 25 stack frames]]>
    </failure>
  </testcase> <!-- verifyUserCanLoginSuccessfully -->
  <testcase classname="testBase.BaseTest" name="@AfterTest tearDown" time="0.0">
    <ignored/>
  </testcase> <!-- @AfterTest tearDown -->
  <testcase classname="testBase.BaseTest" name="@BeforeTest setUp" time="0.0">
    <ignored/>
  </testcase> <!-- @BeforeTest setUp -->
</testsuite> <!-- Test -->
